<?xml version="1.0" encoding="UTF-8"?>
<testsuite name="com.bridgeLabz.serviceTestCases.TestCases" tests="14" skipped="0" failures="0" errors="0" timestamp="2020-03-29T12:27:49" hostname="DESKTOP-7UGSU5P" time="0.508">
  <properties/>
  <testcase name="givenFileType_WhenWrong_ShouldReturnCustomiseException" classname="com.bridgeLabz.serviceTestCases.TestCases" time="0.005"/>
  <testcase name="givenFileNameOfStateCode_WhenWrong_ShouldReturnCustomiseException" classname="com.bridgeLabz.serviceTestCases.TestCases" time="0.001"/>
  <testcase name="givenNumberOfRecords_WhenMatched_ShouldReturnTrue" classname="com.bridgeLabz.serviceTestCases.TestCases" time="0.262"/>
  <testcase name="givenFileTypeOfStateCode_WhenWrong_ShouldReturnCustomiseException" classname="com.bridgeLabz.serviceTestCases.TestCases" time="0.0"/>
  <testcase name="givenFile_WhenDelimiterIncorrect_ShouldReturnCustomiseException" classname="com.bridgeLabz.serviceTestCases.TestCases" time="0.025"/>
  <testcase name="givenStateCensusData_WhenPopulationSorted_ShouldReturnSortedResult" classname="com.bridgeLabz.serviceTestCases.TestCases" time="0.117"/>
  <testcase name="givenFileName_WhenWrong_ShouldReturnCustomiseException" classname="com.bridgeLabz.serviceTestCases.TestCases" time="0.001"/>
  <testcase name="givenStateCodeData_WhenSorted_ShouldReturnSortedList" classname="com.bridgeLabz.serviceTestCases.TestCases" time="0.02"/>
  <testcase name="givenFile_WhenHeaderIncorrect_ShouldReturnCustomiseException" classname="com.bridgeLabz.serviceTestCases.TestCases" time="0.016"/>
  <testcase name="givenCensusData_WhenSorted_ShouldReturnSortedList" classname="com.bridgeLabz.serviceTestCases.TestCases" time="0.014"/>
  <testcase name="givenNumberOfRecordsOfStateCode_WhenMatched_ShouldReturnTrue" classname="com.bridgeLabz.serviceTestCases.TestCases" time="0.012"/>
  <testcase name="givenFileOfStateCode_WhenHeadersIncorrect_ShouldReturnCustomiseException" classname="com.bridgeLabz.serviceTestCases.TestCases" time="0.015"/>
  <testcase name="givenStateCensusData_WhenDensitySorted_ShouldReturnSortedResult" classname="com.bridgeLabz.serviceTestCases.TestCases" time="0.013"/>
  <testcase name="givenFileOfStateCode_WhenDelimiterIncorrect_ShouldReturnCustomiseException" classname="com.bridgeLabz.serviceTestCases.TestCases" time="0.005"/>
  <system-out><![CDATA[]]></system-out>
  <system-err><![CDATA[]]></system-err>
</testsuite>
