<?xml version="1.0" encoding="UTF-8"?>
<testsuite name="com.bridgeLabz.serviceTestCases.TestCases" tests="12" skipped="0" failures="0" errors="0" timestamp="2020-03-29T10:37:29" hostname="DESKTOP-7UGSU5P" time="0.408">
  <properties/>
  <testcase name="givenFileType_WhenWrong_ShouldReturnCustomiseException" classname="com.bridgeLabz.serviceTestCases.TestCases" time="0.006"/>
  <testcase name="givenFileNameOfStateCode_WhenWrong_ShouldReturnCustomiseException" classname="com.bridgeLabz.serviceTestCases.TestCases" time="0.199"/>
  <testcase name="givenNumberOfRecords_WhenMatched_ShouldReturnTrue" classname="com.bridgeLabz.serviceTestCases.TestCases" time="0.017"/>
  <testcase name="givenFileTypeOfStateCode_WhenWrong_ShouldReturnCustomiseException" classname="com.bridgeLabz.serviceTestCases.TestCases" time="0.002"/>
  <testcase name="givenFile_WhenDelimiterIncorrect_ShouldReturnCustomiseException" classname="com.bridgeLabz.serviceTestCases.TestCases" time="0.025"/>
  <testcase name="givenFileName_WhenWrong_ShouldReturnCustomiseException" classname="com.bridgeLabz.serviceTestCases.TestCases" time="0.001"/>
  <testcase name="givenStateCodeData_WhenSorted_ShouldReturnSortedList" classname="com.bridgeLabz.serviceTestCases.TestCases" time="0.101"/>
  <testcase name="givenFile_WhenHeaderIncorrect_ShouldReturnCustomiseException" classname="com.bridgeLabz.serviceTestCases.TestCases" time="0.015"/>
  <testcase name="givenCensusData_WhenSorted_ShouldReturnSortedList" classname="com.bridgeLabz.serviceTestCases.TestCases" time="0.013"/>
  <testcase name="givenNumberOfRecordsOfStateCode_WhenMatched_ShouldReturnTrue" classname="com.bridgeLabz.serviceTestCases.TestCases" time="0.011"/>
  <testcase name="givenFileOfStateCode_WhenHeadersIncorrect_ShouldReturnCustomiseException" classname="com.bridgeLabz.serviceTestCases.TestCases" time="0.005"/>
  <testcase name="givenFileOfStateCode_WhenDelimiterIncorrect_ShouldReturnCustomiseException" classname="com.bridgeLabz.serviceTestCases.TestCases" time="0.008"/>
  <system-out><![CDATA[]]></system-out>
  <system-err><![CDATA[]]></system-err>
</testsuite>
