<?xml version="1.0" encoding="UTF-8"?>
<testsuite name="com.bridgeLabz.serviceTestCases.TestCases" tests="1" skipped="0" failures="0" errors="0" timestamp="2020-03-17T12:08:05" hostname="admin2-H110M-S2" time="0.099">
  <properties/>
  <testcase name="givenFile_WhenHeaderIncorrect_ReturnCustomiseException" classname="com.bridgeLabz.serviceTestCases.TestCases" time="0.099"/>
  <system-out><![CDATA[Name : Uttar Pradesh
Email : 199812341
Phone : 240928
Country : 828
==========================
Name : Maharashta
Email : 112372972
Phone : 307713
Country : 365
==========================
Name : Bihar
Email : 103804637
Phone : 94163
Country : 1102
==========================
Name : West Bengal
Email : 91347736
Phone : 88752
Country : 1029
==========================
Name : Madhya Pradesh
Email : 72597565
Phone : 308245
Country : 236
==========================
Name : Tamil Nadu
Email : 72138958
Phone : 130058
Country : 555
==========================
Name : Rajasthan
Email : 68621012
Phone : 342239
Country : 201
==========================
Name : Karnataka
Email : 61130704
Phone : 191791
Country : 319
==========================
Name : Gujarat
Email : 60383628
Phone : 196024
Country : 308
==========================
Name : Andhra Pradesh
Email : 49386799
Phone : 162968
Country : 303
==========================
Name : Odisha
Email : 41947358
Phone : 155707
Country : 269
==========================
Name : Telangana
Email : 35286757
Phone : 114840
Country : 307
==========================
Name : Kerala
Email : 33387677
Phone : 38863
Country : 859
==========================
Name : Jharkhand
Email : 32966238
Phone : 79714
Country : 414
==========================
Name : Assam
Email : 31169272
Phone : 78438
Country : 397
==========================
Name : Punjab
Email : 27704236
Phone : 50362
Country : 550
==========================
Name : Chattisgarh
Email : 25540196
Phone : 135191
Country : 189
==========================
Name : Haryana
Email : 25353081
Phone : 44212
Country : 573
==========================
Name : Jammu and Kashmir
Email : 12548926
Phone : 222236
Country : 57
==========================
Name : Uttarakhand
Email : 10116752
Phone : 53483
Country : 189
==========================
Name : Himachal Pradesh
Email : 6864602
Phone : 55673
Country : 123
==========================
Name : Tripura
Email : 3671032
Phone : 10486
Country : 350
==========================
Name : Meghalaya
Email : 2964007
Phone : 22429
Country : 132
==========================
Name : Manipur
Email : 2721756
Phone : 22327
Country : 122
==========================
Name : Nagaland
Email : 1980602
Phone : 16579
Country : 119
==========================
Name : Goa
Email : 1457723
Phone : 3702
Country : 394
==========================
Name : Arunachal Pradesh
Email : 1382611
Phone : 0
Country : 0
==========================
Name : Mizoram
Email : 1091014
Phone : 21081
Country : 52
==========================
Name : Sikkim
Email : 607688
Phone : 7096
Country : 86
==========================
]]></system-out>
  <system-err><![CDATA[]]></system-err>
</testsuite>
