<?xml version="1.0" encoding="UTF-8"?>
<testsuite name="com.bridgeLabz.serviceTestCases.TestCases" tests="1" skipped="0" failures="0" errors="0" timestamp="2020-03-18T09:34:35" hostname="admin2-H110M-S2" time="0.095">
  <properties/>
  <testcase name="givenFileOfStateCode_WhenDelimiterIncorrect_ShouldReturnCustomiseException" classname="com.bridgeLabz.serviceTestCases.TestCases" time="0.095"/>
  <system-out><![CDATA[]]></system-out>
  <system-err><![CDATA[]]></system-err>
</testsuite>
