<?xml version="1.0" encoding="UTF-8"?>
<testsuite name="com.bridgeLabz.serviceTestCases.TestCases" tests="15" skipped="0" failures="0" errors="0" timestamp="2020-03-29T13:44:03" hostname="DESKTOP-7UGSU5P" time="0.602">
  <properties/>
  <testcase name="givenFileType_WhenWrong_ShouldReturnCustomiseException" classname="com.bridgeLabz.serviceTestCases.TestCases" time="0.007"/>
  <testcase name="givenFileNameOfStateCode_WhenWrong_ShouldReturnCustomiseException" classname="com.bridgeLabz.serviceTestCases.TestCases" time="0.001"/>
  <testcase name="givenStateCensusData_WhenAreaSorted_ShouldReturnSortedResult" classname="com.bridgeLabz.serviceTestCases.TestCases" time="0.407"/>
  <testcase name="givenNumberOfRecords_WhenMatched_ShouldReturnTrue" classname="com.bridgeLabz.serviceTestCases.TestCases" time="0.013"/>
  <testcase name="givenFileTypeOfStateCode_WhenWrong_ShouldReturnCustomiseException" classname="com.bridgeLabz.serviceTestCases.TestCases" time="0.0"/>
  <testcase name="givenFile_WhenDelimiterIncorrect_ShouldReturnCustomiseException" classname="com.bridgeLabz.serviceTestCases.TestCases" time="0.028"/>
  <testcase name="givenStateCensusData_WhenPopulationSorted_ShouldReturnSortedResult" classname="com.bridgeLabz.serviceTestCases.TestCases" time="0.019"/>
  <testcase name="givenFileName_WhenWrong_ShouldReturnCustomiseException" classname="com.bridgeLabz.serviceTestCases.TestCases" time="0.001"/>
  <testcase name="givenStateCodeData_WhenSorted_ShouldReturnSortedList" classname="com.bridgeLabz.serviceTestCases.TestCases" time="0.024"/>
  <testcase name="givenFile_WhenHeaderIncorrect_ShouldReturnCustomiseException" classname="com.bridgeLabz.serviceTestCases.TestCases" time="0.012"/>
  <testcase name="givenCensusData_WhenSorted_ShouldReturnSortedList" classname="com.bridgeLabz.serviceTestCases.TestCases" time="0.015"/>
  <testcase name="givenNumberOfRecordsOfStateCode_WhenMatched_ShouldReturnTrue" classname="com.bridgeLabz.serviceTestCases.TestCases" time="0.016"/>
  <testcase name="givenFileOfStateCode_WhenHeadersIncorrect_ShouldReturnCustomiseException" classname="com.bridgeLabz.serviceTestCases.TestCases" time="0.013"/>
  <testcase name="givenStateCensusData_WhenDensitySorted_ShouldReturnSortedResult" classname="com.bridgeLabz.serviceTestCases.TestCases" time="0.03"/>
  <testcase name="givenFileOfStateCode_WhenDelimiterIncorrect_ShouldReturnCustomiseException" classname="com.bridgeLabz.serviceTestCases.TestCases" time="0.006"/>
  <system-out><![CDATA[]]></system-out>
  <system-err><![CDATA[]]></system-err>
</testsuite>
